\BOOKMARK [1][-]{section.1}{\376\377\137\025\212\000}{}% 1
\BOOKMARK [1][-]{section.2}{\376\377\166\370\121\163\135\345\117\134}{}% 2
\BOOKMARK [2][-]{subsection.2.1}{\376\377\155\361\136\246\126\376\122\006\174\173}{section.2}% 3
\BOOKMARK [2][-]{subsection.2.2}{\376\377\000D\000I\000N\000O\000v\0002\000\040\201\352\166\321\167\143\162\171\137\201}{section.2}% 4
\BOOKMARK [1][-]{section.3}{\376\377\145\271\154\325}{}% 5
\BOOKMARK [2][-]{subsection.3.1}{\376\377\140\073\117\123\150\106\147\266}{section.3}% 6
\BOOKMARK [2][-]{subsection.3.2}{\376\377\232\250\136\162\177\121\176\334\377\032\000D\000I\000N\000O\000v\0002\000-\000B\000a\000s\000e}{section.3}% 7
\BOOKMARK [2][-]{subsection.3.3}{\376\377\176\277\140\047\122\006\174\173\126\150}{section.3}% 8
\BOOKMARK [2][-]{subsection.3.4}{\376\377\143\137\131\061\121\375\145\160}{section.3}% 9
\BOOKMARK [2][-]{subsection.3.5}{\376\377\213\255\176\303\176\306\202\202}{section.3}% 10
\BOOKMARK [2][-]{subsection.3.6}{\376\377\145\160\143\156\226\306\377\032\000N\000Y\000U\000\040\000D\000e\000p\000t\000h\000\040\000V\0002}{section.3}% 11
\BOOKMARK [1][-]{section.4}{\376\377\133\236\232\214}{}% 12
\BOOKMARK [2][-]{subsection.4.1}{\376\377\116\073\211\201\176\323\147\234}{section.4}% 13
\BOOKMARK [2][-]{subsection.4.2}{\376\377\145\160\143\156\130\236\137\072\166\204\137\161\124\315}{section.4}% 14
\BOOKMARK [2][-]{subsection.4.3}{\376\377\213\255\176\303\122\250\140\001}{section.4}% 15
\BOOKMARK [2][-]{subsection.4.4}{\376\377\116\016\000\040\000C\000L\000I\000P\000\040\145\271\154\325\166\204\133\371\153\324}{section.4}% 16
\BOOKMARK [1][-]{section.5}{\376\377\213\250\213\272}{}% 17
\BOOKMARK [2][-]{subsection.5.1}{\376\377\000D\000I\000N\000O\000v\0002\000\040\116\072\117\125\200\375\127\050\155\361\136\246\126\376\116\012\135\345\117\134\377\037}{section.5}% 18
\BOOKMARK [2][-]{subsection.5.2}{\376\377\145\110\163\207\117\030\122\277}{section.5}% 19
\BOOKMARK [2][-]{subsection.5.3}{\376\377\134\100\226\120\140\047}{section.5}% 20
\BOOKMARK [1][-]{section.6}{\376\377\176\323\213\272}{}% 21
\BOOKMARK [1][-]{section*.7}{\376\377\000R\000e\000f\000e\000r\000e\000n\000c\000e\000s}{}% 22
